<?xml version="1.0" encoding="UTF-8"?>
<testng-results ignored="1" total="2" passed="1" failed="0" skipped="0">
  <reporter-output>
  </reporter-output>
  <suite started-at="2020-05-08T21:48:09 EDT" name="JavaScriptAlertsTestSuite" finished-at="2020-05-08T21:48:14 EDT" duration-ms="5274">
    <groups>
    </groups>
    <test started-at="2020-05-08T21:48:09 EDT" name="JavaScriptAlertsTests" finished-at="2020-05-08T21:48:14 EDT" duration-ms="5274">
      <class name="com.herokuapp.theinternet.alertstests.JavaScriptAlertsTest">
        <test-method is-config="true" signature="setUP(java.lang.String, org.testng.ITestContext)[pri:0, instance:com.herokuapp.theinternet.alertstests.JavaScriptAlertsTest@16e7dcfd]" started-at="2020-05-08T21:48:09 EDT" name="setUP" finished-at="2020-05-08T21:48:13 EDT" duration-ms="3923" status="PASS">
          <params>
            <param index="0">
              <value>
                <![CDATA[chrome]]>
              </value>
            </param>
            <param index="1">
              <value>
                <![CDATA[org.testng.TestRunner@aa10649]]>
              </value>
            </param>
          </params>
          <reporter-output>
          </reporter-output>
        </test-method> <!-- setUP -->
        <test-method signature="jsConfirmTest()[pri:0, instance:com.herokuapp.theinternet.alertstests.JavaScriptAlertsTest@16e7dcfd]" started-at="2020-05-08T21:48:13 EDT" name="jsConfirmTest" finished-at="2020-05-08T21:48:14 EDT" duration-ms="1226" status="PASS">
          <reporter-output>
          </reporter-output>
        </test-method> <!-- jsConfirmTest -->
        <test-method is-config="true" signature="tearDown()[pri:0, instance:com.herokuapp.theinternet.alertstests.JavaScriptAlertsTest@16e7dcfd]" started-at="2020-05-08T21:48:14 EDT" name="tearDown" finished-at="2020-05-08T21:48:14 EDT" duration-ms="103" status="PASS">
          <reporter-output>
          </reporter-output>
        </test-method> <!-- tearDown -->
      </class> <!-- com.herokuapp.theinternet.alertstests.JavaScriptAlertsTest -->
    </test> <!-- JavaScriptAlertsTests -->
  </suite> <!-- JavaScriptAlertsTestSuite -->
</testng-results>
