<?xml version="1.0" encoding="UTF-8"?>
<testng-results ignored="0" total="2" passed="2" failed="0" skipped="0">
  <reporter-output>
  </reporter-output>
  <suite started-at="2020-05-05T11:12:44 EDT" name="PositiveLoginTestSuite" finished-at="2020-05-05T11:13:03 EDT" duration-ms="18825">
    <groups>
    </groups>
    <test started-at="2020-05-05T11:12:44 EDT" name="PositiveLoginTest_Chrome" finished-at="2020-05-05T11:12:51 EDT" duration-ms="7136">
      <class name="com.herokuapp.theinternet.loginpagetest.PositiveLoginTest">
        <test-method is-config="true" signature="setUP(java.lang.String, org.testng.ITestContext)[pri:0, instance:com.herokuapp.theinternet.loginpagetest.PositiveLoginTest@358ee631]" started-at="2020-05-05T11:12:44 EDT" name="setUP" finished-at="2020-05-05T11:12:48 EDT" duration-ms="4017" status="PASS">
          <params>
            <param index="0">
              <value>
                <![CDATA[chrome]]>
              </value>
            </param>
            <param index="1">
              <value>
                <![CDATA[org.testng.TestRunner@1817d444]]>
              </value>
            </param>
          </params>
          <reporter-output>
          </reporter-output>
        </test-method> <!-- setUP -->
        <test-method signature="logInTest()[pri:0, instance:com.herokuapp.theinternet.loginpagetest.PositiveLoginTest@358ee631]" started-at="2020-05-05T11:12:48 EDT" name="logInTest" finished-at="2020-05-05T11:12:51 EDT" duration-ms="2692" status="PASS">
          <reporter-output>
          </reporter-output>
        </test-method> <!-- logInTest -->
        <test-method is-config="true" signature="tearDown()[pri:0, instance:com.herokuapp.theinternet.loginpagetest.PositiveLoginTest@358ee631]" started-at="2020-05-05T11:12:51 EDT" name="tearDown" finished-at="2020-05-05T11:12:51 EDT" duration-ms="399" status="PASS">
          <reporter-output>
          </reporter-output>
        </test-method> <!-- tearDown -->
      </class> <!-- com.herokuapp.theinternet.loginpagetest.PositiveLoginTest -->
    </test> <!-- PositiveLoginTest_Chrome -->
    <test started-at="2020-05-05T11:12:44 EDT" name="PositiveLoginTest_firefox" finished-at="2020-05-05T11:13:03 EDT" duration-ms="18823">
      <class name="com.herokuapp.theinternet.loginpagetest.PositiveLoginTest">
        <test-method is-config="true" signature="setUP(java.lang.String, org.testng.ITestContext)[pri:0, instance:com.herokuapp.theinternet.loginpagetest.PositiveLoginTest@3c9d0b9d]" started-at="2020-05-05T11:12:44 EDT" name="setUP" finished-at="2020-05-05T11:12:55 EDT" duration-ms="11457" status="PASS">
          <params>
            <param index="0">
              <value>
                <![CDATA[firefox]]>
              </value>
            </param>
            <param index="1">
              <value>
                <![CDATA[org.testng.TestRunner@6ca8564a]]>
              </value>
            </param>
          </params>
          <reporter-output>
          </reporter-output>
        </test-method> <!-- setUP -->
        <test-method signature="logInTest()[pri:0, instance:com.herokuapp.theinternet.loginpagetest.PositiveLoginTest@3c9d0b9d]" started-at="2020-05-05T11:12:55 EDT" name="logInTest" finished-at="2020-05-05T11:12:57 EDT" duration-ms="1991" status="PASS">
          <reporter-output>
          </reporter-output>
        </test-method> <!-- logInTest -->
        <test-method is-config="true" signature="tearDown()[pri:0, instance:com.herokuapp.theinternet.loginpagetest.PositiveLoginTest@3c9d0b9d]" started-at="2020-05-05T11:12:57 EDT" name="tearDown" finished-at="2020-05-05T11:13:03 EDT" duration-ms="5367" status="PASS">
          <reporter-output>
          </reporter-output>
        </test-method> <!-- tearDown -->
      </class> <!-- com.herokuapp.theinternet.loginpagetest.PositiveLoginTest -->
    </test> <!-- PositiveLoginTest_firefox -->
  </suite> <!-- PositiveLoginTestSuite -->
</testng-results>
